<?xml version="1.0" encoding="UTF-8"?>
<!-- Generated by org.testng.reporters.JUnitReportReporter -->
<testsuite skipped="0" hostname="DESKTOP-C3O2LMD" name="com.cjc.dws.test.Tests" tests="4" failures="0" timestamp="27 Apr 2021 10:46:05 GMT" time="52.552" errors="0">
  <testcase name="regPage" time="5.393" classname="com.cjc.dws.test.Tests"/>
  <testcase name="addtocart" time="19.845" classname="com.cjc.dws.test.Tests"/>
  <testcase name="shopcart" time="4.741" classname="com.cjc.dws.test.Tests"/>
  <testcase name="paymentGateway" time="22.573" classname="com.cjc.dws.test.Tests"/>
</testsuite> <!-- com.cjc.dws.test.Tests -->
